2025-08-24T05:57:09.250Z|005e86f997838d18|http://localhost:8046/access/api/v1/system/ping|GET|404|Not Found|23
2025-08-24T05:57:09.371Z|005e86f997838d18|http://localhost:8046/access/api/v1/system/ping|GET|404|Not Found|0
2025-08-24T05:57:09.573Z|005e86f997838d18|http://localhost:8046/access/api/v1/system/ping|GET|404|Not Found|0
2025-08-24T05:57:09.975Z|005e86f997838d18|http://localhost:8046/access/api/v1/system/ping|GET|404|Not Found|0
2025-08-24T05:57:10.777Z|005e86f997838d18|http://localhost:8046/access/api/v1/system/ping|GET|404|Not Found|0
2025-08-24T05:57:11.783Z|005e86f997838d18|http://localhost:8046/access/api/v1/system/ping|GET|200|OK|4
2025-08-24T05:57:11.790Z|005e86f997838d18|http://localhost:8046/access/api/v1/cert/root|GET|200|OK|3
2025-08-24T05:57:11.822Z|005e86f997838d18|http://localhost:8046/access/api/v1/registry/join|POST|201|Created|7
2025-08-24T05:57:11.874Z|52b21c3064d85e7b|http://localhost:8046/access/api/v1/config/shared|GET|200|OK|11
2025-08-24T05:57:33.785Z|4191a6d97ba96ec3|http://localhost:8046/access/api/v1/registry/versions/artifactory-0|GET|200|OK|19
2025-08-24T05:59:38.826Z|440fa3e85b9b4fff|http://localhost:8046/access/api/v1/registry/versions/artifactory-0|GET|200|OK|9
2025-08-24T06:01:43.821Z|701e7c654bb37285|http://localhost:8046/access/api/v1/registry/versions/artifactory-0|GET|200|OK|7
2025-08-24T06:19:29.962Z|012e6a101a8edea7|http://localhost:8046/access/api/v1/registry/versions/artifactory-0|GET|200|OK|21
2025-08-24T06:21:34.980Z|14303337b613e9f2|http://localhost:8046/access/api/v1/registry/versions/artifactory-0|GET|200|OK|10
2025-08-24T06:22:58.051Z||http://localhost:8046/access/api/v1/config/shared|GET|200|OK|6
2025-08-24T06:23:35.011Z|4b90f9033dad6a64|http://localhost:8046/access/api/v1/registry/versions/artifactory-0|GET|200|OK|6
2025-08-24T06:25:35.034Z|4a008e0a3a84e8ea|http://localhost:8046/access/api/v1/registry/versions/artifactory-0|GET|200|OK|8
2025-08-24T06:27:35.066Z|24965e8d0f9dca96|http://localhost:8046/access/api/v1/registry/versions/artifactory-0|GET|200|OK|9
2025-08-24T06:29:35.095Z|39cb6859c44589f6|http://localhost:8046/access/api/v1/registry/versions/artifactory-0|GET|200|OK|12
2025-08-24T06:31:35.125Z|678158d57d251a51|http://localhost:8046/access/api/v1/registry/versions/artifactory-0|GET|200|OK|11
2025-08-24T06:32:58.355Z||http://localhost:8046/access/api/v1/config/shared|GET|200|OK|14
2025-08-24T06:33:35.147Z|49bb0590f5503d85|http://localhost:8046/access/api/v1/registry/versions/artifactory-0|GET|200|OK|10
2025-08-24T06:35:35.183Z|0d3a43ae80a79b0a|http://localhost:8046/access/api/v1/registry/versions/artifactory-0|GET|200|OK|11
2025-08-24T06:37:35.200Z|0a9249e0f2626794|http://localhost:8046/access/api/v1/registry/versions/artifactory-0|GET|200|OK|5
2025-08-24T06:39:35.248Z|5d9fdb46f746dac3|http://localhost:8046/access/api/v1/registry/versions/artifactory-0|GET|200|OK|13
2025-08-24T06:41:40.264Z|3148a6eeb2387117|http://localhost:8046/access/api/v1/registry/versions/artifactory-0|GET|200|OK|9
2025-08-24T06:42:58.606Z||http://localhost:8046/access/api/v1/config/shared|GET|200|OK|8
2025-08-24T06:43:40.306Z|67d6a1c836095d98|http://localhost:8046/access/api/v1/registry/versions/artifactory-0|GET|200|OK|12
2025-08-24T06:45:40.375Z|02e3af302c76ac10|http://localhost:8046/access/api/v1/registry/versions/artifactory-0|GET|200|OK|17
2025-08-24T06:47:45.394Z|4b23086102d1f55e|http://localhost:8046/access/api/v1/registry/versions/artifactory-0|GET|200|OK|17
2025-08-24T06:49:45.426Z|15865d4f65bd4f94|http://localhost:8046/access/api/v1/registry/versions/artifactory-0|GET|200|OK|20
2025-08-24T06:51:45.466Z|4810b8e0d54cb00a|http://localhost:8046/access/api/v1/registry/versions/artifactory-0|GET|200|OK|17
2025-08-24T06:52:58.898Z||http://localhost:8046/access/api/v1/config/shared|GET|200|OK|11
2025-08-24T06:53:45.486Z|1a3c155669968f4a|http://localhost:8046/access/api/v1/registry/versions/artifactory-0|GET|200|OK|8
2025-08-24T06:55:45.519Z|30efadce35c0635c|http://localhost:8046/access/api/v1/registry/versions/artifactory-0|GET|200|OK|7
2025-08-24T06:57:45.534Z|49b00d2bcd61747b|http://localhost:8046/access/api/v1/registry/versions/artifactory-0|GET|200|OK|4
2025-08-24T06:59:45.559Z|6570bfe942c76fe2|http://localhost:8046/access/api/v1/registry/versions/artifactory-0|GET|200|OK|4
2025-08-24T07:01:45.580Z|131cbab04757c5a0|http://localhost:8046/access/api/v1/registry/versions/artifactory-0|GET|200|OK|4
2025-08-24T07:02:59.165Z||http://localhost:8046/access/api/v1/config/shared|GET|200|OK|9
2025-08-24T07:03:45.612Z|7b23dd9f9a8f82fd|http://localhost:8046/access/api/v1/registry/versions/artifactory-0|GET|200|OK|5
2025-08-24T07:05:45.710Z|7efd39aa4119d153|http://localhost:8046/access/api/v1/registry/versions/artifactory-0|GET|200|OK|16
2025-08-24T07:07:50.686Z|2ffd86decc7662d0|http://localhost:8046/access/api/v1/registry/versions/artifactory-0|GET|200|OK|9
2025-08-24T07:09:50.710Z|4ac83d622943f442|http://localhost:8046/access/api/v1/registry/versions/artifactory-0|GET|200|OK|10
2025-08-24T07:11:50.740Z|2a0b1d61fffcc2d9|http://localhost:8046/access/api/v1/registry/versions/artifactory-0|GET|200|OK|10
2025-08-24T07:12:59.554Z||http://localhost:8046/access/api/v1/config/shared|GET|200|OK|11
2025-08-24T07:13:50.758Z|7d22f6e3fec9d819|http://localhost:8046/access/api/v1/registry/versions/artifactory-0|GET|200|OK|4
2025-08-24T07:15:50.853Z|69644ff3a0d097e4|http://localhost:8046/access/api/v1/registry/versions/artifactory-0|GET|200|OK|28
2025-08-24T07:17:55.883Z|304ea7e2c7d33ee8|http://localhost:8046/access/api/v1/registry/versions/artifactory-0|GET|200|OK|20
2025-08-24T07:20:00.867Z|7419149e2aace894|http://localhost:8046/access/api/v1/registry/versions/artifactory-0|GET|200|OK|11
2025-08-24T07:22:00.887Z|371046af59b6607d|http://localhost:8046/access/api/v1/registry/versions/artifactory-0|GET|200|OK|7
2025-08-24T07:22:59.828Z||http://localhost:8046/access/api/v1/config/shared|GET|200|OK|18
2025-08-24T07:24:01.037Z|673ee523ea9bd9bb|http://localhost:8046/access/api/v1/registry/versions/artifactory-0|GET|200|OK|48
2025-08-24T07:26:05.954Z|779edd469adb0497|http://localhost:8046/access/api/v1/registry/versions/artifactory-0|GET|200|OK|6
