2025-08-24T05:56:31.806Z [jfob ] [INFO ] [21d45999b9aafbb9] [security_keys.go:185          ] [main                ] [                ] - Cluster join: Join key is missing. Pending for 5 seconds with 2m0s timeout [startup] [spanId][21d45999b9aafbb9] [spanTraceId][21d45999b9aafbb9]
2025-08-24T05:56:36.813Z [jfob ] [INFO ] [21d45999b9aafbb9] [security_keys.go:185          ] [main                ] [                ] - Cluster join: Join key is missing. Pending for 10 seconds with 2m0s timeout [startup] [spanId][21d45999b9aafbb9] [spanTraceId][21d45999b9aafbb9]
2025-08-24T05:56:41.824Z [jfob ] [INFO ] [21d45999b9aafbb9] [security_keys.go:185          ] [main                ] [                ] - Cluster join: Join key is missing. Pending for 15 seconds with 2m0s timeout [startup] [spanId][21d45999b9aafbb9] [spanTraceId][21d45999b9aafbb9]
2025-08-24T05:56:46.828Z [jfob ] [INFO ] [21d45999b9aafbb9] [security_keys.go:185          ] [main                ] [                ] - Cluster join: Join key is missing. Pending for 20 seconds with 2m0s timeout [startup] [spanId][21d45999b9aafbb9] [spanTraceId][21d45999b9aafbb9]
2025-08-24T05:56:51.836Z [jfob ] [INFO ] [21d45999b9aafbb9] [security_keys.go:185          ] [main                ] [                ] - Cluster join: Join key is missing. Pending for 25 seconds with 2m0s timeout [startup] [spanId][21d45999b9aafbb9] [spanTraceId][21d45999b9aafbb9]
2025-08-24T05:56:56.848Z [jfob ] [INFO ] [21d45999b9aafbb9] [security_keys.go:185          ] [main                ] [                ] - Cluster join: Join key is missing. Pending for 30 seconds with 2m0s timeout [startup] [spanId][21d45999b9aafbb9] [spanTraceId][21d45999b9aafbb9]
2025-08-24T05:57:01.856Z [jfob ] [INFO ] [21d45999b9aafbb9] [security_keys.go:185          ] [main                ] [                ] - Cluster join: Join key is missing. Pending for 35 seconds with 2m0s timeout [startup] [spanId][21d45999b9aafbb9] [spanTraceId][21d45999b9aafbb9]
2025-08-24T05:57:06.861Z [jfob ] [INFO ] [21d45999b9aafbb9] [bootstrap.go:313              ] [main                ] [                ] - Resolving service Id... [startup] [spanId][21d45999b9aafbb9] [spanTraceId][21d45999b9aafbb9]
2025-08-24T05:57:11.872Z [jfob ] [INFO ] [21d45999b9aafbb9] [bootstrap.go:370              ] [main                ] [                ] - Platform services enabled false [startup] [spanId][21d45999b9aafbb9] [spanTraceId][21d45999b9aafbb9]
2025-08-24T05:57:11.872Z [jfob ] [INFO ] [21d45999b9aafbb9] [bootstrap.go:377              ] [main                ] [                ] - Num of router services : 7 [startup] [spanId][21d45999b9aafbb9] [spanTraceId][21d45999b9aafbb9]
2025-08-24T05:57:11.872Z [jfob ] [INFO ] [21d45999b9aafbb9] [bootstrap.go:378              ] [main                ] [                ] - Services registered with router : [{ServiceId:jfac@01k3dadp7e688m028tztv9160g} {ServiceId:jfcon@01k3dadp7e688m028tztv9160g} {ServiceId:jfevd@01k3dadp7e688m028tztv9160g} {ServiceId:jfevt@01k3dadp7e688m028tztv9160g} {ServiceId:jfmd@01k3dadr63xzjbxrqt9ej476by} {ServiceId:jfomr@01k3dadp7e688m028tztv9160g} {ServiceId:jftpl@0000}] [startup] [spanId][21d45999b9aafbb9] [spanTraceId][21d45999b9aafbb9]
2025-08-24T05:57:11.872Z [jfob ] [INFO ] [21d45999b9aafbb9] [bootstrap.go:329              ] [main                ] [                ] - Unable to find parent service using router health, trying again... [startup] [spanId][21d45999b9aafbb9] [spanTraceId][21d45999b9aafbb9]
2025-08-24T05:57:16.874Z [jfob ] [INFO ] [21d45999b9aafbb9] [bootstrap.go:370              ] [main                ] [                ] - Platform services enabled false [startup] [spanId][21d45999b9aafbb9] [spanTraceId][21d45999b9aafbb9]
2025-08-24T05:57:16.874Z [jfob ] [INFO ] [21d45999b9aafbb9] [bootstrap.go:377              ] [main                ] [                ] - Num of router services : 9 [startup] [spanId][21d45999b9aafbb9] [spanTraceId][21d45999b9aafbb9]
2025-08-24T05:57:16.874Z [jfob ] [INFO ] [21d45999b9aafbb9] [bootstrap.go:378              ] [main                ] [                ] - Services registered with router : [{ServiceId:jfac@01k3dadp7e688m028tztv9160g} {ServiceId:jfcfg@01k3dadp7e688m028tztv9160g} {ServiceId:jfcon@01k3dadp7e688m028tztv9160g} {ServiceId:jfevd@01k3dadp7e688m028tztv9160g} {ServiceId:jfevt@01k3dadp7e688m028tztv9160g} {ServiceId:jfmd@01k3dadr63xzjbxrqt9ej476by} {ServiceId:jfomr@01k3dadp7e688m028tztv9160g} {ServiceId:jfrt@01k3dadv4an03k1v3xy8fe0ccm} {ServiceId:jftpl@0000}] [startup] [spanId][21d45999b9aafbb9] [spanTraceId][21d45999b9aafbb9]
2025-08-24T05:57:16.874Z [jfob ] [INFO ] [21d45999b9aafbb9] [bootstrap.go:407              ] [main                ] [                ] - Obtained parent instance Id: 01k3dadv4an03k1v3xy8fe0ccm [startup] [spanId][21d45999b9aafbb9] [spanTraceId][21d45999b9aafbb9]
2025-08-24T05:57:16.874Z [jfob ] [INFO ] [21d45999b9aafbb9] [bootstrap.go:93               ] [main                ] [                ] - JFrog Observability Service ID: jfob@01k3dadv4an03k1v3xy8fe0ccm [startup] [spanId][21d45999b9aafbb9] [spanTraceId][21d45999b9aafbb9]
2025-08-24T05:57:16.874Z [jfob ] [INFO ] [21d45999b9aafbb9] [bootstrap.go:94               ] [main                ] [                ] - JFrog Observability Node ID   : artifactory-0 [startup] [spanId][21d45999b9aafbb9] [spanTraceId][21d45999b9aafbb9]
2025-08-24T05:57:16.874Z [jfob ] [INFO ] [21d45999b9aafbb9] [bootstrap.go:95               ] [main                ] [                ] - JFrog Observability Node IP   : 10.1.0.7 [startup] [spanId][21d45999b9aafbb9] [spanTraceId][21d45999b9aafbb9]
2025-08-24T05:57:16.876Z [jfob ] [INFO ] [21d45999b9aafbb9] [application.go:111            ] [main                ] [                ] - Is service running as Multi tenant? false [application] [spanId][21d45999b9aafbb9] [spanTraceId][21d45999b9aafbb9]
2025-08-24T05:57:16.889Z [jfob ] [INFO ] [21d45999b9aafbb9] [join_executor.go:178          ] [main                ] [                ] - Cluster join: Successfully joined the cluster [access_client] [spanId][21d45999b9aafbb9] [spanTraceId][21d45999b9aafbb9]
2025-08-24T05:57:16.889Z [jfob ] [INFO ] [21d45999b9aafbb9] [join_executor.go:190          ] [main                ] [                ] - Cluster join: executing Router register at: localhost:8046 for service id jfob@01k3dadv4an03k1v3xy8fe0ccm [access_client] [spanId][21d45999b9aafbb9] [spanTraceId][21d45999b9aafbb9]
2025-08-24T05:57:16.894Z [jfob ] [INFO ] [21d45999b9aafbb9] [application.go:241            ] [main                ] [                ] - JFrog Observability (jfob) service initialization completed in 50.098 seconds. HTTP server listening on 127.0.0.1:8036.  [application] [spanId][21d45999b9aafbb9] [spanTraceId][21d45999b9aafbb9]
2025-08-24T05:57:16.894Z [jfob ] [INFO ] [21d45999b9aafbb9] [shipping_service.go:272       ] [main                ] [                ] - Starting shipping for tenantId:  for productName: artifactory [shipping_service] [spanId][21d45999b9aafbb9] [spanTraceId][21d45999b9aafbb9]
2025-08-24T05:58:16.897Z [jfob ] [INFO ] [21d45999b9aafbb9] [dedicated_grpc_connection.go:2] [main                ] [                ] - Creating a new dedicated gRPC connection for localhost:8046 [access_client] [spanId][21d45999b9aafbb9] [spanTraceId][21d45999b9aafbb9]
2025-08-24T05:58:16.985Z [jfob ] [INFO ] [21d45999b9aafbb9] [platform_config_stream.go:49  ] [main                ] [                ] - Starting Platform Config stream connect goroutine [access_client] [spanId][21d45999b9aafbb9] [spanTraceId][21d45999b9aafbb9]
2025-08-24T05:58:16.985Z [jfob ] [INFO ] [21d45999b9aafbb9] [platform_config_stream.go:49  ] [main                ] [                ] - Starting Platform Config stream connect goroutine [access_client] [spanId][21d45999b9aafbb9] [spanTraceId][21d45999b9aafbb9]
2025-08-24T05:58:16.985Z [jfob ] [INFO ] [21d45999b9aafbb9] [platform_config_stream.go:62  ] [main                ] [                ] - Connecting to Platform Config stream [access_client] [spanId][21d45999b9aafbb9] [spanTraceId][21d45999b9aafbb9]
2025-08-24T05:58:16.985Z [jfob ] [INFO ] [21d45999b9aafbb9] [platform_config_stream.go:62  ] [main                ] [                ] - Connecting to Platform Config stream [access_client] [spanId][21d45999b9aafbb9] [spanTraceId][21d45999b9aafbb9]
2025-08-24T05:58:22.079Z [jfob ] [INFO ] [21d45999b9aafbb9] [platform_config_stream.go:105 ] [main                ] [                ] - Starting Platform Config stream Recv loop [access_client] [spanId][21d45999b9aafbb9] [spanTraceId][21d45999b9aafbb9]
2025-08-24T05:58:22.079Z [jfob ] [INFO ] [21d45999b9aafbb9] [platform_config_stream.go:105 ] [main                ] [                ] - Starting Platform Config stream Recv loop [access_client] [spanId][21d45999b9aafbb9] [spanTraceId][21d45999b9aafbb9]
2025-08-24T05:58:22.079Z [jfob ] [INFO ] [21d45999b9aafbb9] [platform_config_stream.go:137 ] [main                ] [                ] - Starting Platform Config checkKeepAlive [access_client] [spanId][21d45999b9aafbb9] [spanTraceId][21d45999b9aafbb9]
2025-08-24T05:58:22.079Z [jfob ] [INFO ] [21d45999b9aafbb9] [platform_config_stream.go:137 ] [main                ] [                ] - Starting Platform Config checkKeepAlive [access_client] [spanId][21d45999b9aafbb9] [spanTraceId][21d45999b9aafbb9]
2025-08-24T06:18:18.653Z [jfob ] [INFO ] [21d45999b9aafbb9] [platform_config_stream.go:147 ] [main                ] [                ] - Platform Config Stream will be reconnected due to keepAliveTimeout. Last Event Time: 2025-08-24 06:02:32 +0000 UTC [access_client] [spanId][21d45999b9aafbb9] [spanTraceId][21d45999b9aafbb9]
2025-08-24T06:18:18.653Z [jfob ] [INFO ] [21d45999b9aafbb9] [platform_config_stream.go:147 ] [main                ] [                ] - Platform Config Stream will be reconnected due to keepAliveTimeout. Last Event Time: 2025-08-24 06:02:32 +0000 UTC [access_client] [spanId][21d45999b9aafbb9] [spanTraceId][21d45999b9aafbb9]
2025-08-24T06:18:18.655Z [jfob ] [INFO ] [21d45999b9aafbb9] [platform_config_stream.go:150 ] [main                ] [                ] - Stopping Platform Config checkKeepAlive [access_client] [spanId][21d45999b9aafbb9] [spanTraceId][21d45999b9aafbb9]
2025-08-24T06:18:18.655Z [jfob ] [INFO ] [21d45999b9aafbb9] [platform_config_stream.go:150 ] [main                ] [                ] - Stopping Platform Config checkKeepAlive [access_client] [spanId][21d45999b9aafbb9] [spanTraceId][21d45999b9aafbb9]
2025-08-24T06:18:18.657Z [jfob ] [INFO ] [21d45999b9aafbb9] [platform_config_stream.go:123 ] [main                ] [                ] - Platform Config Stream Read Error: rpc error: code = Canceled desc = context canceled [access_client] [spanId][21d45999b9aafbb9] [spanTraceId][21d45999b9aafbb9]
2025-08-24T06:18:18.657Z [jfob ] [INFO ] [21d45999b9aafbb9] [platform_config_stream.go:115 ] [main                ] [                ] - Platform Config stream Recv loop stopped [access_client] [spanId][21d45999b9aafbb9] [spanTraceId][21d45999b9aafbb9]
2025-08-24T06:18:18.657Z [jfob ] [INFO ] [21d45999b9aafbb9] [platform_config_stream.go:88  ] [main                ] [                ] - Platform Config stream disconnected [access_client] [spanId][21d45999b9aafbb9] [spanTraceId][21d45999b9aafbb9]
2025-08-24T06:18:18.657Z [jfob ] [INFO ] [21d45999b9aafbb9] [platform_config_stream.go:123 ] [main                ] [                ] - Platform Config Stream Read Error: rpc error: code = Canceled desc = context canceled [access_client] [spanId][21d45999b9aafbb9] [spanTraceId][21d45999b9aafbb9]
2025-08-24T06:18:18.657Z [jfob ] [INFO ] [21d45999b9aafbb9] [platform_config_stream.go:115 ] [main                ] [                ] - Platform Config stream Recv loop stopped [access_client] [spanId][21d45999b9aafbb9] [spanTraceId][21d45999b9aafbb9]
2025-08-24T06:18:18.657Z [jfob ] [INFO ] [21d45999b9aafbb9] [platform_config_stream.go:88  ] [main                ] [                ] - Platform Config stream disconnected [access_client] [spanId][21d45999b9aafbb9] [spanTraceId][21d45999b9aafbb9]
2025-08-24T06:18:18.657Z [jfob ] [INFO ] [21d45999b9aafbb9] [platform_config_stream.go:62  ] [main                ] [                ] - Connecting to Platform Config stream [access_client] [spanId][21d45999b9aafbb9] [spanTraceId][21d45999b9aafbb9]
2025-08-24T06:18:18.657Z [jfob ] [INFO ] [21d45999b9aafbb9] [platform_config_stream.go:62  ] [main                ] [                ] - Connecting to Platform Config stream [access_client] [spanId][21d45999b9aafbb9] [spanTraceId][21d45999b9aafbb9]
2025-08-24T06:18:23.739Z [jfob ] [INFO ] [21d45999b9aafbb9] [platform_config_stream.go:105 ] [main                ] [                ] - Starting Platform Config stream Recv loop [access_client] [spanId][21d45999b9aafbb9] [spanTraceId][21d45999b9aafbb9]
2025-08-24T06:18:23.739Z [jfob ] [INFO ] [21d45999b9aafbb9] [platform_config_stream.go:105 ] [main                ] [                ] - Starting Platform Config stream Recv loop [access_client] [spanId][21d45999b9aafbb9] [spanTraceId][21d45999b9aafbb9]
2025-08-24T06:18:23.739Z [jfob ] [INFO ] [21d45999b9aafbb9] [platform_config_stream.go:137 ] [main                ] [                ] - Starting Platform Config checkKeepAlive [access_client] [spanId][21d45999b9aafbb9] [spanTraceId][21d45999b9aafbb9]
2025-08-24T06:18:23.739Z [jfob ] [INFO ] [21d45999b9aafbb9] [platform_config_stream.go:137 ] [main                ] [                ] - Starting Platform Config checkKeepAlive [access_client] [spanId][21d45999b9aafbb9] [spanTraceId][21d45999b9aafbb9]
